TN:
SF:utils\parseCustomId.js
FN:1,parseCustomId
FNF:1
FNH:1
FNDA:7,parseCustomId
DA:2,7
DA:5,5
DA:6,2
DA:7,2
DA:9,2
DA:10,2
DA:12,2
DA:13,2
DA:14,3
DA:15,3
DA:16,3
DA:21,2
DA:25,3
DA:26,2
DA:27,2
DA:29,2
DA:30,2
DA:31,2
DA:33,2
DA:44,1
DA:47,1
LF:21
LH:21
BRDA:2,0,0,2
BRDA:2,0,1,5
BRDA:2,1,0,7
BRDA:2,1,1,5
BRDA:5,2,0,2
BRDA:5,2,1,3
BRDA:7,3,0,0
BRDA:7,3,1,2
BRDA:7,4,0,2
BRDA:7,4,1,2
BRDA:12,5,0,2
BRDA:12,5,1,0
BRDA:15,6,0,3
BRDA:15,6,1,0
BRDA:15,7,0,3
BRDA:15,7,1,3
BRDA:25,8,0,2
BRDA:25,8,1,1
BRDA:29,9,0,1
BRDA:29,9,1,1
BRDA:30,10,0,1
BRDA:30,10,1,1
BRDA:31,11,0,0
BRDA:31,11,1,2
BRDA:31,12,0,2
BRDA:31,12,1,2
BRDA:36,13,0,1
BRDA:36,13,1,1
BRDA:40,14,0,1
BRDA:40,14,1,1
BRF:30
BRH:26
end_of_record
TN:
SF:utils\ストレージ\backends\LocalBackend.js
FN:7,(anonymous_0)
FN:11,(anonymous_1)
FN:17,(anonymous_2)
FN:21,(anonymous_3)
FN:26,(anonymous_4)
FN:37,(anonymous_5)
FN:48,(anonymous_6)
FN:58,(anonymous_7)
FN:69,(anonymous_8)
FN:77,(anonymous_9)
FN:92,(anonymous_10)
FN:102,(anonymous_11)
FNF:12
FNH:11
FNDA:1,(anonymous_0)
FNDA:14,(anonymous_1)
FNDA:11,(anonymous_2)
FNDA:6,(anonymous_3)
FNDA:1,(anonymous_4)
FNDA:6,(anonymous_5)
FNDA:3,(anonymous_6)
FNDA:1,(anonymous_7)
FNDA:1,(anonymous_8)
FNDA:2,(anonymous_9)
FNDA:2,(anonymous_10)
FNDA:0,(anonymous_11)
DA:2,1
DA:3,1
DA:4,1
DA:8,1
DA:12,14
DA:18,11
DA:22,6
DA:23,6
DA:27,1
DA:28,1
DA:29,1
DA:30,1
DA:32,0
DA:33,0
DA:38,6
DA:39,6
DA:41,6
DA:42,6
DA:43,6
DA:44,6
DA:45,6
DA:49,3
DA:50,3
DA:51,3
DA:52,1
DA:54,2
DA:59,1
DA:60,1
DA:61,1
DA:62,1
DA:64,0
DA:65,0
DA:70,1
DA:71,1
DA:73,1
DA:74,1
DA:76,1
DA:77,1
DA:78,2
DA:79,2
DA:80,3
DA:81,3
DA:82,1
DA:83,1
DA:85,2
DA:86,2
DA:91,1
DA:92,2
DA:94,0
DA:95,0
DA:103,0
DA:104,0
DA:105,0
DA:106,0
DA:107,0
DA:109,0
DA:110,0
DA:115,1
LF:58
LH:45
BRDA:26,0,0,1
BRDA:32,1,0,0
BRDA:32,1,1,0
BRDA:64,2,0,0
BRDA:64,2,1,0
BRDA:69,3,0,0
BRDA:69,4,0,0
BRDA:74,5,0,0
BRDA:74,5,1,1
BRDA:81,6,0,1
BRDA:81,6,1,2
BRDA:82,7,0,1
BRDA:82,7,1,0
BRDA:85,8,0,2
BRDA:85,8,1,0
BRDA:94,9,0,0
BRDA:94,9,1,0
BRDA:106,10,0,0
BRDA:106,10,1,0
BRDA:109,11,0,0
BRDA:109,11,1,0
BRF:21
BRH:6
end_of_record
